0 info it worked if it ends with ok
1 verbose cli [ '/usr/local/bin/node', '/usr/local/bin/npm', 'run', 'seed' ]
2 info using npm@4.0.5
3 info using node@v7.4.0
4 verbose run-script [ 'preseed', 'seed', 'postseed' ]
5 info lifecycle build_a_box@0.0.1~preseed: build_a_box@0.0.1
6 silly lifecycle build_a_box@0.0.1~preseed: no script for preseed, continuing
7 info lifecycle build_a_box@0.0.1~seed: build_a_box@0.0.1
8 verbose lifecycle build_a_box@0.0.1~seed: unsafe-perm in lifecycle true
9 verbose lifecycle build_a_box@0.0.1~seed: PATH: /usr/local/lib/node_modules/npm/bin/node-gyp-bin:/Users/hyperion/Desktop/build-a-box/node_modules/.bin:/usr/local/bin:/usr/bin:/bin:/usr/sbin:/sbin:/Applications/Postgres.app/Contents/Versions/latest/bin
10 verbose lifecycle build_a_box@0.0.1~seed: CWD: /Users/hyperion/Desktop/build-a-box
11 silly lifecycle build_a_box@0.0.1~seed: Args: [ '-c', 'node db/seed.js' ]
12 silly lifecycle build_a_box@0.0.1~seed: Returned: code: 1  signal: null
13 info lifecycle build_a_box@0.0.1~seed: Failed to exec seed script
14 verbose stack Error: build_a_box@0.0.1 seed: `node db/seed.js`
14 verbose stack Exit status 1
14 verbose stack     at EventEmitter.<anonymous> (/usr/local/lib/node_modules/npm/lib/utils/lifecycle.js:279:16)
14 verbose stack     at emitTwo (events.js:106:13)
14 verbose stack     at EventEmitter.emit (events.js:191:7)
14 verbose stack     at ChildProcess.<anonymous> (/usr/local/lib/node_modules/npm/lib/utils/spawn.js:40:14)
14 verbose stack     at emitTwo (events.js:106:13)
14 verbose stack     at ChildProcess.emit (events.js:191:7)
14 verbose stack     at maybeClose (internal/child_process.js:885:16)
14 verbose stack     at Process.ChildProcess._handle.onexit (internal/child_process.js:226:5)
15 verbose pkgid build_a_box@0.0.1
16 verbose cwd /Users/hyperion/Desktop/build-a-box
17 error Darwin 16.0.0
18 error argv "/usr/local/bin/node" "/usr/local/bin/npm" "run" "seed"
19 error node v7.4.0
20 error npm  v4.0.5
21 error code ELIFECYCLE
22 error build_a_box@0.0.1 seed: `node db/seed.js`
22 error Exit status 1
23 error Failed at the build_a_box@0.0.1 seed script 'node db/seed.js'.
23 error Make sure you have the latest version of node.js and npm installed.
23 error If you do, this is most likely a problem with the build_a_box package,
23 error not with npm itself.
23 error Tell the author that this fails on your system:
23 error     node db/seed.js
23 error You can get information on how to open an issue for this project with:
23 error     npm bugs build_a_box
23 error Or if that isn't available, you can get their info via:
23 error     npm owner ls build_a_box
23 error There is likely additional logging output above.
24 verbose exit [ 1, true ]
